<?xml version="1.0" encoding="UTF-8"?>
<!-- Generated by org.testng.reporters.JUnitReportReporter -->
<testsuite hostname="DESKTOP-SE1LOKK" failures="0" tests="2" name="testng.newscript" time="0.024" errors="0" timestamp="2023-05-23T20:27:10 IST" skipped="0">
  <testcase classname="testng.newscript" name="test" time="0.020"/>
  <system-out>
    <![CDATA[fremework]]>
  </system-out>
  <testcase classname="testng.newscript" name="test1" time="0.004"/>
  <system-out>
    <![CDATA[fremework]]>
  </system-out>
</testsuite> <!-- testng.newscript -->
